### File 10
Created law: PROY-NMX-EC-17034-IMNC-2017, ID: 10.02558
Error creating law or compendium-law relationship: PROY-NMX-EC-17034-IMNC-2017 {
  data: {},
  errors: [
    UnauthorizedException: Unknown error
        at buildRestApiError (webpack-internal:///(rsc)/./node_modules/@aws-amplify/api-rest/dist/esm/utils/serviceError.mjs:93:26)
        at parseRestApiServiceError (webpack-internal:///(rsc)/./node_modules/@aws-amplify/api-rest/dist/esm/utils/serviceError.mjs:30:16)
        at process.processTicksAndRejections (node:internal/process/task_queues:95:5)
        at async job (webpack-internal:///(rsc)/./node_modules/@aws-amplify/api-rest/dist/esm/utils/createCancellableOperation.mjs:35:23)
        at async GraphQLAPIClass._graphql (webpack-internal:///(rsc)/./node_modules/@aws-amplify/api-graphql/dist/esm/internals/InternalGraphQLAPI.mjs:265:44)
        at async runWithAmplifyServerContext (webpack-internal:///(rsc)/./node_modules/aws-amplify/dist/esm/adapter-core/runWithAmplifyServerContext.mjs:25:24)
        at async POST (webpack-internal:///(rsc)/./src/app/api/upload/route.ts:91:17)
        at async /Users/pridapablo/DEV/MNFT/Reli/reliNew/reliAdmin/node_modules/next/dist/compiled/next-server/app-route.runtime.dev.js:6:55759
        at async eO.execute (/Users/pridapablo/DEV/MNFT/Reli/reliNew/reliAdmin/node_modules/next/dist/compiled/next-server/app-route.runtime.dev.js:6:46527)
        at async eO.handle (/Users/pridapablo/DEV/MNFT/Reli/reliNew/reliAdmin/node_modules/next/dist/compiled/next-server/app-route.runtime.dev.js:6:57093)
        at async doRender (/Users/pridapablo/DEV/MNFT/Reli/reliNew/reliAdmin/node_modules/next/dist/server/base-server.js:1345:42)
        at async cacheEntry.responseCache.get.routeKind (/Users/pridapablo/DEV/MNFT/Reli/reliNew/reliAdmin/node_modules/next/dist/server/base-server.js:1567:28)
        at async DevServer.renderToResponseWithComponentsImpl (/Users/pridapablo/DEV/MNFT/Reli/reliNew/reliAdmin/node_modules/next/dist/server/base-server.js:1475:28)
        at async DevServer.renderPageComponent (/Users/pridapablo/DEV/MNFT/Reli/reliNew/reliAdmin/node_modules/next/dist/server/base-server.js:1901:24)
        at async DevServer.renderToResponseImpl (/Users/pridapablo/DEV/MNFT/Reli/reliNew/reliAdmin/node_modules/next/dist/server/base-server.js:1939:32)
        at async DevServer.pipeImpl (/Users/pridapablo/DEV/MNFT/Reli/reliNew/reliAdmin/node_modules/next/dist/server/base-server.js:914:25)
        at async NextNodeServer.handleCatchallRenderRequest (/Users/pridapablo/DEV/MNFT/Reli/reliNew/reliAdmin/node_modules/next/dist/server/next-server.js:272:17)
        at async DevServer.handleRequestImpl (/Users/pridapablo/DEV/MNFT/Reli/reliNew/reliAdmin/node_modules/next/dist/server/base-server.js:810:17)
        at async /Users/pridapablo/DEV/MNFT/Reli/reliNew/reliAdmin/node_modules/next/dist/server/dev/next-dev-server.js:339:20
        at async Span.traceAsyncFn (/Users/pridapablo/DEV/MNFT/Reli/reliNew/reliAdmin/node_modules/next/dist/trace/trace.js:154:20)
        at async DevServer.handleRequest (/Users/pridapablo/DEV/MNFT/Reli/reliNew/reliAdmin/node_modules/next/dist/server/dev/next-dev-server.js:336:24)
        at async invokeRender (/Users/pridapablo/DEV/MNFT/Reli/reliNew/reliAdmin/node_modules/next/dist/server/lib/router-server.js:173:21)
        at async handleRequest (/Users/pridapablo/DEV/MNFT/Reli/reliNew/reliAdmin/node_modules/next/dist/server/lib/router-server.js:350:24)
        at async requestHandlerImpl (/Users/pridapablo/DEV/MNFT/Reli/reliNew/reliAdmin/node_modules/next/dist/server/lib/router-server.js:374:13)
        at async Server.requestListener (/Users/pridapablo/DEV/MNFT/Reli/reliNew/reliAdmin/node_modules/next/dist/server/lib/start-server.js:141:13) {
      recoverySuggestion: `If you're calling an Amplify-generated API, make sure to set the "authMode" in generateClient({ authMode: '...' }) to the backend authorization rule's auth provider ('apiKey', 'userPool', 'iam', 'oidc', 'lambda')`
    }
  ]
}
Error creating law or compendium-law relationship: PROY-NMX-FF-035-SCFI-2017 {
  data: {},
  errors: [
    UnauthorizedException: Unknown error
        at buildRestApiError (webpack-internal:///(rsc)/./node_modules/@aws-amplify/api-rest/dist/esm/utils/serviceError.mjs:93:26)
        at parseRestApiServiceError (webpack-internal:///(rsc)/./node_modules/@aws-amplify/api-rest/dist/esm/utils/serviceError.mjs:30:16)
        at process.processTicksAndRejections (node:internal/process/task_queues:95:5)
        at async job (webpack-internal:///(rsc)/./node_modules/@aws-amplify/api-rest/dist/esm/utils/createCancellableOperation.mjs:35:23)
        at async GraphQLAPIClass._graphql (webpack-internal:///(rsc)/./node_modules/@aws-amplify/api-graphql/dist/esm/internals/InternalGraphQLAPI.mjs:265:44)
        at async runWithAmplifyServerContext (webpack-internal:///(rsc)/./node_modules/aws-amplify/dist/esm/adapter-core/runWithAmplifyServerContext.mjs:25:24)
        at async POST (webpack-internal:///(rsc)/./src/app/api/upload/route.ts:66:29)
        at async /Users/pridapablo/DEV/MNFT/Reli/reliNew/reliAdmin/node_modules/next/dist/compiled/next-server/app-route.runtime.dev.js:6:55759
        at async eO.execute (/Users/pridapablo/DEV/MNFT/Reli/reliNew/reliAdmin/node_modules/next/dist/compiled/next-server/app-route.runtime.dev.js:6:46527)
        at async eO.handle (/Users/pridapablo/DEV/MNFT/Reli/reliNew/reliAdmin/node_modules/next/dist/compiled/next-server/app-route.runtime.dev.js:6:57093)
        at async doRender (/Users/pridapablo/DEV/MNFT/Reli/reliNew/reliAdmin/node_modules/next/dist/server/base-server.js:1345:42)
        at async cacheEntry.responseCache.get.routeKind (/Users/pridapablo/DEV/MNFT/Reli/reliNew/reliAdmin/node_modules/next/dist/server/base-server.js:1567:28)
        at async DevServer.renderToResponseWithComponentsImpl (/Users/pridapablo/DEV/MNFT/Reli/reliNew/reliAdmin/node_modules/next/dist/server/base-server.js:1475:28)
        at async DevServer.renderPageComponent (/Users/pridapablo/DEV/MNFT/Reli/reliNew/reliAdmin/node_modules/next/dist/server/base-server.js:1901:24)
        at async DevServer.renderToResponseImpl (/Users/pridapablo/DEV/MNFT/Reli/reliNew/reliAdmin/node_modules/next/dist/server/base-server.js:1939:32)
        at async DevServer.pipeImpl (/Users/pridapablo/DEV/MNFT/Reli/reliNew/reliAdmin/node_modules/next/dist/server/base-server.js:914:25)
        at async NextNodeServer.handleCatchallRenderRequest (/Users/pridapablo/DEV/MNFT/Reli/reliNew/reliAdmin/node_modules/next/dist/server/next-server.js:272:17)
        at async DevServer.handleRequestImpl (/Users/pridapablo/DEV/MNFT/Reli/reliNew/reliAdmin/node_modules/next/dist/server/base-server.js:810:17)
        at async /Users/pridapablo/DEV/MNFT/Reli/reliNew/reliAdmin/node_modules/next/dist/server/dev/next-dev-server.js:339:20
        at async Span.traceAsyncFn (/Users/pridapablo/DEV/MNFT/Reli/reliNew/reliAdmin/node_modules/next/dist/trace/trace.js:154:20)
        at async DevServer.handleRequest (/Users/pridapablo/DEV/MNFT/Reli/reliNew/reliAdmin/node_modules/next/dist/server/dev/next-dev-server.js:336:24)
        at async invokeRender (/Users/pridapablo/DEV/MNFT/Reli/reliNew/reliAdmin/node_modules/next/dist/server/lib/router-server.js:173:21)
        at async handleRequest (/Users/pridapablo/DEV/MNFT/Reli/reliNew/reliAdmin/node_modules/next/dist/server/lib/router-server.js:350:24)
        at async requestHandlerImpl (/Users/pridapablo/DEV/MNFT/Reli/reliNew/reliAdmin/node_modules/next/dist/server/lib/router-server.js:374:13)
        at async Server.requestListener (/Users/pridapablo/DEV/MNFT/Reli/reliNew/reliAdmin/node_modules/next/dist/server/lib/start-server.js:141:13) {
      recoverySuggestion: `If you're calling an Amplify-generated API, make sure to set the "authMode" in generateClient({ authMode: '...' }) to the backend authorization rule's auth provider ('apiKey', 'userPool', 'iam', 'oidc', 'lambda')`
    }
  ]
}
Created law: PROY-NMX-B-521-CANACERO-2017, ID: 10.02560

### File 11
SEE IF THE FOLLOWING SHOULD BE ADDED TO THE COMPENDIUM # 11:
Circular Telefax E-10_98.txt 
Circular 1677_1969.txt
Circular 1709_1971.txt
Circular 1756_1973.txt
Circular 1769_1973.txt
Circular 1806_1975.txt
Circular 1839_1978.txt
Circular 1841_1979.txt
Circular 1847_1979.txt
Circular 1861_1980.txt
Circular 1862_1980.txt
Circular 1874_1981.txt
